<?xml version="1.0" encoding="UTF-8"?>
<testsuite name="com.example.project.TestDay3" tests="3" skipped="0" failures="0" errors="0" timestamp="2024-12-20T01:45:41" hostname="codespaces-513c06" time="0.007">
  <properties/>
  <testcase name="testGenerateSnowflakeDesign()" classname="com.example.project.TestDay3" time="0.001"/>
  <testcase name="testGenerateSnowflakeSmallSize()" classname="com.example.project.TestDay3" time="0.001"/>
  <testcase name="testGenerateSnowflakeOddSize()" classname="com.example.project.TestDay3" time="0.003"/>
  <system-out><![CDATA[]]></system-out>
  <system-err><![CDATA[]]></system-err>
</testsuite>
